This is e-upTeX, Version 3.14159265-p3.7-u1.21-160201-2.6 (utf8.uptex) (TeX Live 2016) (preloaded format=uplatex 2017.5.10)  28 SEP 2018 10:53
entering extended mode
 restricted \write18 enabled.
 file:line:error style messages enabled.
 %&-line parsing enabled.
**chapter1_1.tex
(./chapter1_1.tex
pLaTeX2e <2016/11/29u01> (based on LaTeX2e <2017/01/01> patch level 3)
Babel <3.9r> and hyphenation patterns for 83 language(s) loaded.
./chapter1_1.tex:1: Undefined control sequence.
l.1 \section
            {これまでのMeVガンマ線天文学}
? 
./chapter1_1.tex:1: Emergency stop.
l.1 \section
            {これまでのMeVガンマ線天文学}
End of file on the terminal!

 
Here is how much of TeX's memory you used:
 4 strings out of 493679
 54 string characters out of 6149847
 53960 words of memory out of 5000000
 3677 multiletter control sequences out of 15000+600000
 5975 words of font info for 31 fonts, out of 8000000 for 9000
 929 hyphenation exceptions out of 8191
 5i,0n,3p,66b,8s stack positions out of 5000i,500n,10000p,200000b,80000s
No pages of output.
